<?xml version="1.0" encoding="UTF-8"?>
<!-- Generated by org.testng.reporters.JUnitReportReporter -->
<testsuite hostname="DESKTOP-L907V03" failures="0" tests="2" name="org.Test.LoginPageErrorValidation" time="18.505" errors="0" timestamp="2023-10-10T06:12:08 IST" skipped="0">
  <testcase classname="org.Test.LoginPageErrorValidation" name="UserPassValidation" time="8.782"/>
  <testcase classname="org.Test.LoginPageErrorValidation" name="PasswordFieldValidation" time="9.723"/>
</testsuite> <!-- org.Test.LoginPageErrorValidation -->
