<?xml version="1.0" encoding="UTF-8"?>
<!-- Generated by org.testng.reporters.JUnitReportReporter -->
<testsuite hostname="DESKTOP-L907V03" failures="0" tests="1" name="org.Test.LoginPage" time="20.529" errors="0" timestamp="2023-10-10T06:12:08 IST" skipped="0">
  <testcase classname="org.Test.LoginPage" name="newOrder" time="20.529"/>
</testsuite> <!-- org.Test.LoginPage -->
